mode: atomic
github.com/siadat/leges/leges.go:27.43,29.2 1 0
github.com/siadat/leges/leges.go:31.43,33.2 1 0
github.com/siadat/leges/leges.go:41.47,43.2 1 0
github.com/siadat/leges/leges.go:45.47,47.2 1 0
github.com/siadat/leges/leges.go:59.66,62.51 2 3
github.com/siadat/leges/leges.go:66.2,66.53 1 3
github.com/siadat/leges/leges.go:70.2,70.19 1 3
github.com/siadat/leges/leges.go:62.51,64.3 1 0
github.com/siadat/leges/leges.go:66.53,68.3 1 0
github.com/siadat/leges/leges.go:73.55,76.24 2 3
github.com/siadat/leges/leges.go:80.2,80.12 1 3
github.com/siadat/leges/leges.go:76.24,78.3 1 0
github.com/siadat/leges/leges.go:85.54,88.33 2 3
github.com/siadat/leges/leges.go:112.2,112.12 1 3
github.com/siadat/leges/leges.go:88.33,89.43 1 6
github.com/siadat/leges/leges.go:93.3,93.47 1 6
github.com/siadat/leges/leges.go:97.3,98.17 2 6
github.com/siadat/leges/leges.go:106.3,109.4 1 6
github.com/siadat/leges/leges.go:89.43,91.4 1 0
github.com/siadat/leges/leges.go:93.47,95.4 1 0
github.com/siadat/leges/leges.go:98.17,104.4 1 0
github.com/siadat/leges/leges.go:116.62,120.34 2 3
github.com/siadat/leges/leges.go:125.2,128.46 3 3
github.com/siadat/leges/leges.go:133.2,133.12 1 3
github.com/siadat/leges/leges.go:120.34,122.3 1 0
github.com/siadat/leges/leges.go:128.46,131.3 2 0
github.com/siadat/leges/leges.go:137.63,138.43 1 3
github.com/siadat/leges/leges.go:142.2,144.43 2 3
github.com/siadat/leges/leges.go:164.2,164.24 1 1
github.com/siadat/leges/leges.go:138.43,140.3 1 0
github.com/siadat/leges/leges.go:144.43,145.61 1 6
github.com/siadat/leges/leges.go:149.3,150.17 2 2
github.com/siadat/leges/leges.go:159.3,159.20 1 2
github.com/siadat/leges/leges.go:145.61,146.12 1 4
github.com/siadat/leges/leges.go:150.17,157.4 1 0
github.com/siadat/leges/leges.go:159.20,161.4 1 2
github.com/siadat/leges/leges.go:167.56,168.29 1 6
github.com/siadat/leges/leges.go:173.2,173.14 1 4
github.com/siadat/leges/leges.go:168.29,169.21 1 6
github.com/siadat/leges/leges.go:169.21,171.4 1 2
github.com/siadat/leges/policy.go:24.34,25.16 1 6
github.com/siadat/leges/policy.go:28.2,28.12 1 6
github.com/siadat/leges/policy.go:25.16,27.3 1 0
github.com/siadat/leges/policy.go:31.57,33.2 1 6
github.com/siadat/leges/request.go:21.35,22.43 1 3
github.com/siadat/leges/request.go:25.2,25.45 1 3
github.com/siadat/leges/request.go:28.2,28.20 1 3
github.com/siadat/leges/request.go:31.2,31.12 1 3
github.com/siadat/leges/request.go:22.43,24.3 1 0
github.com/siadat/leges/request.go:25.45,27.3 1 0
github.com/siadat/leges/request.go:28.20,30.3 1 0
github.com/siadat/leges/cmd/leges/main.go:14.13,22.16 4 0
github.com/siadat/leges/cmd/leges/main.go:26.2,27.16 2 0
github.com/siadat/leges/cmd/leges/main.go:31.2,37.12 3 0
github.com/siadat/leges/cmd/leges/main.go:49.2,51.62 2 0
github.com/siadat/leges/cmd/leges/main.go:54.2,55.28 2 0
github.com/siadat/leges/cmd/leges/main.go:22.16,23.13 1 0
github.com/siadat/leges/cmd/leges/main.go:27.16,28.13 1 0
github.com/siadat/leges/cmd/leges/main.go:37.12,43.54 5 0
github.com/siadat/leges/cmd/leges/main.go:46.3,46.25 1 0
github.com/siadat/leges/cmd/leges/main.go:43.54,44.14 1 0
github.com/siadat/leges/cmd/leges/main.go:51.62,52.13 1 0
github.com/siadat/leges/httpserver/httpserver.go:21.70,25.16 3 5
github.com/siadat/leges/httpserver/httpserver.go:32.2,33.16 2 4
github.com/siadat/leges/httpserver/httpserver.go:40.2,47.16 3 3
github.com/siadat/leges/httpserver/httpserver.go:54.2,56.16 2 3
github.com/siadat/leges/httpserver/httpserver.go:63.2,63.19 1 3
github.com/siadat/leges/httpserver/httpserver.go:25.16,30.3 2 1
github.com/siadat/leges/httpserver/httpserver.go:33.16,38.3 2 1
github.com/siadat/leges/httpserver/httpserver.go:47.16,52.3 2 0
github.com/siadat/leges/httpserver/httpserver.go:56.16,61.3 2 0
github.com/siadat/leges/httpserver/httpserver.go:63.19,69.3 2 2
github.com/siadat/leges/httpserver/httpserver.go:71.2,75.3 1 1
github.com/siadat/leges/httpserver/httpserver.go:78.64,82.16 4 2
github.com/siadat/leges/httpserver/httpserver.go:85.2,85.22 1 1
github.com/siadat/leges/httpserver/httpserver.go:82.16,84.3 1 1
github.com/siadat/leges/httpserver/httpserver.go:88.70,92.16 4 12
github.com/siadat/leges/httpserver/httpserver.go:95.2,95.24 1 9
github.com/siadat/leges/httpserver/httpserver.go:92.16,94.3 1 3
github.com/siadat/leges/httpserver/httpserver.go:98.47,101.16 3 15
github.com/siadat/leges/httpserver/httpserver.go:104.2,104.21 1 15
github.com/siadat/leges/httpserver/httpserver.go:101.16,102.13 1 0
github.com/siadat/leges/policy.go:24.34,25.16 1 63
github.com/siadat/leges/policy.go:28.2,28.12 1 61
github.com/siadat/leges/policy.go:25.16,27.3 1 2
github.com/siadat/leges/policy.go:31.57,33.2 1 59
github.com/siadat/leges/request.go:21.35,22.43 1 10019
github.com/siadat/leges/request.go:25.2,25.45 1 10017
github.com/siadat/leges/request.go:28.2,28.20 1 10015
github.com/siadat/leges/request.go:31.2,31.12 1 10014
github.com/siadat/leges/request.go:22.43,24.3 1 2
github.com/siadat/leges/request.go:25.45,27.3 1 2
github.com/siadat/leges/request.go:28.20,30.3 1 1
github.com/siadat/leges/httpserver/httpserver.go:21.70,25.16 3 0
github.com/siadat/leges/httpserver/httpserver.go:32.2,33.16 2 0
github.com/siadat/leges/httpserver/httpserver.go:40.2,47.16 3 0
github.com/siadat/leges/httpserver/httpserver.go:54.2,56.16 2 0
github.com/siadat/leges/httpserver/httpserver.go:63.2,63.19 1 0
github.com/siadat/leges/httpserver/httpserver.go:25.16,30.3 2 0
github.com/siadat/leges/httpserver/httpserver.go:33.16,38.3 2 0
github.com/siadat/leges/httpserver/httpserver.go:47.16,52.3 2 0
github.com/siadat/leges/httpserver/httpserver.go:56.16,61.3 2 0
github.com/siadat/leges/httpserver/httpserver.go:63.19,69.3 2 0
github.com/siadat/leges/httpserver/httpserver.go:71.2,75.3 1 0
github.com/siadat/leges/httpserver/httpserver.go:78.64,82.16 4 0
github.com/siadat/leges/httpserver/httpserver.go:85.2,85.22 1 0
github.com/siadat/leges/httpserver/httpserver.go:82.16,84.3 1 0
github.com/siadat/leges/httpserver/httpserver.go:88.70,92.16 4 0
github.com/siadat/leges/httpserver/httpserver.go:95.2,95.24 1 0
github.com/siadat/leges/httpserver/httpserver.go:92.16,94.3 1 0
github.com/siadat/leges/httpserver/httpserver.go:98.47,101.16 3 0
github.com/siadat/leges/httpserver/httpserver.go:104.2,104.21 1 0
github.com/siadat/leges/httpserver/httpserver.go:101.16,102.13 1 0
github.com/siadat/leges/cmd/leges/main.go:14.13,22.16 4 0
github.com/siadat/leges/cmd/leges/main.go:26.2,27.16 2 0
github.com/siadat/leges/cmd/leges/main.go:31.2,37.12 3 0
github.com/siadat/leges/cmd/leges/main.go:49.2,51.62 2 0
github.com/siadat/leges/cmd/leges/main.go:54.2,55.28 2 0
github.com/siadat/leges/cmd/leges/main.go:22.16,23.13 1 0
github.com/siadat/leges/cmd/leges/main.go:27.16,28.13 1 0
github.com/siadat/leges/cmd/leges/main.go:37.12,43.54 5 0
github.com/siadat/leges/cmd/leges/main.go:46.3,46.25 1 0
github.com/siadat/leges/cmd/leges/main.go:43.54,44.14 1 0
github.com/siadat/leges/cmd/leges/main.go:51.62,52.13 1 0
github.com/siadat/leges/leges.go:27.43,29.2 1 0
github.com/siadat/leges/leges.go:31.43,33.2 1 0
github.com/siadat/leges/leges.go:41.47,43.2 1 0
github.com/siadat/leges/leges.go:45.47,47.2 1 0
github.com/siadat/leges/leges.go:59.66,62.51 2 19
github.com/siadat/leges/leges.go:66.2,66.53 1 19
github.com/siadat/leges/leges.go:70.2,70.19 1 16
github.com/siadat/leges/leges.go:62.51,64.3 1 0
github.com/siadat/leges/leges.go:66.53,68.3 1 3
github.com/siadat/leges/leges.go:73.55,76.24 2 19
github.com/siadat/leges/leges.go:80.2,80.12 1 19
github.com/siadat/leges/leges.go:76.24,78.3 1 4
github.com/siadat/leges/leges.go:85.54,88.33 2 19
github.com/siadat/leges/leges.go:112.2,112.12 1 16
github.com/siadat/leges/leges.go:88.33,89.43 1 61
github.com/siadat/leges/leges.go:93.3,93.47 1 60
github.com/siadat/leges/leges.go:97.3,98.17 2 59
github.com/siadat/leges/leges.go:106.3,109.4 1 58
github.com/siadat/leges/leges.go:89.43,91.4 1 1
github.com/siadat/leges/leges.go:93.47,95.4 1 1
github.com/siadat/leges/leges.go:98.17,104.4 1 1
github.com/siadat/leges/leges.go:116.62,120.34 2 10013
github.com/siadat/leges/leges.go:125.2,128.46 3 10013
github.com/siadat/leges/leges.go:133.2,133.12 1 10013
github.com/siadat/leges/leges.go:120.34,122.3 1 20002
github.com/siadat/leges/leges.go:128.46,131.3 2 0
github.com/siadat/leges/leges.go:137.63,138.43 1 10015
github.com/siadat/leges/leges.go:142.2,144.43 2 10013
github.com/siadat/leges/leges.go:164.2,164.24 1 5
github.com/siadat/leges/leges.go:138.43,140.3 1 2
github.com/siadat/leges/leges.go:144.43,145.61 1 26102
github.com/siadat/leges/leges.go:149.3,150.17 2 10014
github.com/siadat/leges/leges.go:159.3,159.20 1 10013
github.com/siadat/leges/leges.go:145.61,146.12 1 16088
github.com/siadat/leges/leges.go:150.17,157.4 1 1
github.com/siadat/leges/leges.go:159.20,161.4 1 10007
github.com/siadat/leges/leges.go:167.56,168.29 1 26102
github.com/siadat/leges/leges.go:173.2,173.14 1 16088
github.com/siadat/leges/leges.go:168.29,169.21 1 63662
github.com/siadat/leges/leges.go:169.21,171.4 1 10014
